2025-03-28 17:59:35,236 - INFO - Procesando directorio: C:\Users\sos\OneDrive\Pictures\Imagenes
2025-03-28 17:59:35,236 - ERROR - El directorio no existe: C:\Users\sos\OneDrive\Pictures\Imagenes
2025-03-28 17:59:35,237 - INFO - Procesando directorio: productos
2025-03-28 17:59:35,237 - ERROR - El directorio no existe: productos
2025-03-28 17:59:35,237 - INFO - Procesando directorio: Marzo
2025-03-28 17:59:35,237 - ERROR - El directorio no existe: Marzo
2025-03-28 17:59:53,481 - INFO - Procesando directorio: C:\Users\sos\OneDrive\Pictures\Imagenes
2025-03-28 17:59:53,482 - ERROR - El directorio no existe: C:\Users\sos\OneDrive\Pictures\Imagenes
2025-03-28 17:59:53,483 - INFO - Procesando directorio: productos
2025-03-28 17:59:53,483 - ERROR - El directorio no existe: productos
2025-03-28 17:59:53,483 - INFO - Procesando directorio: Marzo
2025-03-28 17:59:53,483 - ERROR - El directorio no existe: Marzo
2025-03-28 18:01:37,791 - INFO - Procesando directorio: C:\Users\sos\OneDrive\Pictures\Imagenes productos Marzo
2025-03-28 18:01:37,792 - WARNING - No se encontraron archivos AVIF en C:\Users\sos\OneDrive\Pictures\Imagenes productos Marzo
2025-03-28 18:02:39,318 - INFO - Procesando directorio: C:\Users\sos\OneDrive\Pictures\Imagenes_optimizar
2025-03-28 18:02:39,319 - WARNING - No se encontraron archivos AVIF en C:\Users\sos\OneDrive\Pictures\Imagenes_optimizar
2025-03-28 18:04:06,850 - INFO - Procesando directorio: C:\Users\sos\OneDrive\Pictures\Imagenes_optimizar
2025-03-28 18:04:06,850 - WARNING - No se encontraron archivos AVIF en C:\Users\sos\OneDrive\Pictures\Imagenes_optimizar
2025-03-28 18:04:28,870 - INFO - Procesando directorio: C:\Users\sos\OneDrive\Pictures\Imagenes_optimizar
2025-03-28 18:04:28,894 - INFO - Encontrados 66 archivos AVIF para convertir
2025-03-28 18:05:50,366 - INFO - Procesando directorio: C:\Users\sos\OneDrive\Pictures\Imagenes_optimizar
2025-03-28 18:05:50,389 - INFO - Encontrados 66 archivos AVIF para convertir
2025-03-28 18:05:51,547 - ERROR - Error al convertir C:\Users\sos\OneDrive\Pictures\Imagenes_optimizar\ABL-100WEPC-1B\ABL-100WEPC-1B.avif: cannot identify image file 'C:\\Users\\sos\\OneDrive\\Pictures\\Imagenes_optimizar\\ABL-100WEPC-1B\\ABL-100WEPC-1B.avif'
2025-03-28 18:05:51,547 - ERROR - Error al convertir C:\Users\sos\OneDrive\Pictures\Imagenes_optimizar\AE-1200WHL-5A\image.avif: cannot identify image file 'C:\\Users\\sos\\OneDrive\\Pictures\\Imagenes_optimizar\\AE-1200WHL-5A\\image.avif'
2025-03-28 18:05:51,547 - ERROR - Error al convertir C:\Users\sos\OneDrive\Pictures\Imagenes_optimizar\ABL-100WEPC-1B\ABL-100WEPC-1B_CA-53WPC-1B_JP.avif: cannot identify image file 'C:\\Users\\sos\\OneDrive\\Pictures\\Imagenes_optimizar\\ABL-100WEPC-1B\\ABL-100WEPC-1B_CA-53WPC-1B_JP.avif'
2025-03-28 18:05:51,547 - ERROR - Error al convertir C:\Users\sos\OneDrive\Pictures\Imagenes_optimizar\AE-1600H-1A\AE-1600H_feature_2.avif: cannot identify image file 'C:\\Users\\sos\\OneDrive\\Pictures\\Imagenes_optimizar\\AE-1600H-1A\\AE-1600H_feature_2.avif'
2025-03-28 18:05:51,547 - ERROR - Error al convertir C:\Users\sos\OneDrive\Pictures\Imagenes_optimizar\ABL-100WEPC-1B\ABL-100WEPC-1B_urabuta.avif: cannot identify image file 'C:\\Users\\sos\\OneDrive\\Pictures\\Imagenes_optimizar\\ABL-100WEPC-1B\\ABL-100WEPC-1B_urabuta.avif'
3-02.avif'
2025-03-28 18:05:51,547 - ERROR - Error al convertir C:\Users\sos\OneDrive\Pictures\Imagenes_optimizar\ABL-100WEPC-1B\ABL-100WEPC-1B_05.avif: cannot identify image file 'C:\\Users\\sos\\OneDrive\\Pictures\\Imagenes_optimizar\\ABL-100WEPC-1B\\ABL-100WEPC-1B_05.avif'
2025-03-28 18:05:51,547 - ERROR - Error al convertir C:\Users\sos\OneDrive\Pictures\Imagenes_optimizar\ABL-100WEPC-1B\ABL-100WEPC-1B_front.avif: cannot identify image file 'C:\\Users\\sos\\OneDrive\\Pictures\\Imagenes_optimizar\\ABL-100WEPC-1B\\ABL-100WEPC-1B_front.avif'
2025-03-28 18:05:51,547 - ERROR - Error al convertir C:\Users\sos\OneDrive\Pictures\Imagenes_optimizar\AE-1600H-1A\AE-1600H-1AV.avif: cannot identify image file 'C:\\Users\\sos\\OneDrive\\Pictures\\Imagenes_optimizar\\AE-1600H-1A\\AE-1600H-1AV.avif'
PC-1B_04.avif'
2025-03-28 18:05:51,547 - ERROR - Error al convertir C:\Users\sos\OneDrive\Pictures\Imagenes_optimizar\AE-1200WHL-5A\AE-1200WHL-5AV_square.avif: cannot identify image file 'C:\\Users\\sos\\OneDrive\\Pictures\\Imagenes_optimizar\\AE-1200WHL-5A\\AE-1200WHL-5AV_square.avif'
2025-03-28 18:05:51,547 - ERROR - Error al convertir C:\Users\sos\OneDrive\Pictures\Imagenes_optimizar\ABL-100WEPC-1B\ABL-100WEPC-1B_LED.avif: cannot identify image file 'C:\\Users\\sos\\OneDrive\\Pictures\\Imagenes_optimizar\\ABL-100WEPC-1B\\ABL-100WEPC-1B_LED.avif'
2025-03-28 18:05:51,547 - ERROR - Error al convertir C:\Users\sos\OneDrive\Pictures\Imagenes_optimizar\ABL-100WEPC-1B\ABL-100WEPC-1B_N.avif: cannot identify image file 'C:\\Users\\sos\\OneDrive\\Pictures\\Imagenes_optimizar\\ABL-100WEPC-1B\\ABL-100WEPC-1B_N.avif'
2025-03-28 18:05:51,548 - ERROR - Error al convertir C:\Users\sos\OneDrive\Pictures\Imagenes_optimizar\AE-1600H-5A\AE-1600H-5AV.avif: cannot identify image file 'C:\\Users\\sos\\OneDrive\\Pictures\\Imagenes_optimizar\\AE-1600H-5A\\AE-1600H-5AV.avif'
2025-03-28 18:05:51,550 - ERROR - Error al convertir C:\Users\sos\OneDrive\Pictures\Imagenes_optimizar\AE-1600H-8B\AE-1600H-8BV.avif: cannot identify image file 'C:\\Users\\sos\\OneDrive\\Pictures\\Imagenes_optimizar\\AE-1600H-8B\\AE-1600H-8BV.avif'
2025-03-28 18:05:51,550 - ERROR - Error al convertir C:\Users\sos\OneDrive\Pictures\Imagenes_optimizar\AE-1600H-1A\AE-1600H_feature_3.avif: cannot identify image file 'C:\\Users\\sos\\OneDrive\\Pictures\\Imagenes_optimizar\\AE-1600H-1A\\AE-1600H_feature_3.avif'
2025-03-28 18:05:51,551 - ERROR - Error al convertir C:\Users\sos\OneDrive\Pictures\Imagenes_optimizar\AQ-230A-3A\AQ-230A-3AMQY.avif: cannot identify image file 'C:\\Users\\sos\\OneDrive\\Pictures\\Imagenes_optimizar\\AQ-230A-3A\\AQ-230A-3AMQY.avif'
2025-03-28 18:05:51,551 - ERROR - Error al convertir C:\Users\sos\OneDrive\Pictures\Imagenes_optimizar\AE-1600H-5A\AE-1600H_feature_2 (1).avif: cannot identify image file 'C:\\Users\\sos\\OneDrive\\Pictures\\Imagenes_optimizar\\AE-1600H-5A\\AE-1600H_feature_2 (1).avif'
2025-03-28 18:05:51,551 - ERROR - Error al convertir C:\Users\sos\OneDrive\Pictures\Imagenes_optimizar\AE-1600H-5A\AE-1600H-5AV_front.avif: cannot identify image file 'C:\\Users\\sos\\OneDrive\\Pictures\\Imagenes_optimizar\\AE-1600H-5A\\AE-1600H-5AV_front.avif'
2025-03-28 18:05:51,551 - ERROR - Error al convertir C:\Users\sos\OneDrive\Pictures\Imagenes_optimizar\AQ-230A-3A\AQ-230A-3AMQY_wrist.avif: cannot identify image file 'C:\\Users\\sos\\OneDrive\\Pictures\\Imagenes_optimizar\\AQ-230A-3A\\AQ-230A-3AMQY_wrist.avif'
2025-03-28 18:05:51,552 - ERROR - Error al convertir C:\Users\sos\OneDrive\Pictures\Imagenes_optimizar\AQ-230A-4A\AQ-230A-4AMQY.avif: cannot identify image file 'C:\\Users\\sos\\OneDrive\\Pictures\\Imagenes_optimizar\\AQ-230A-4A\\AQ-230A-4AMQY.avif'
2025-03-28 18:05:51,552 - ERROR - Error al convertir C:\Users\sos\OneDrive\Pictures\Imagenes_optimizar\AE-1600H-8B\AE-1600H_feature_2 (2).avif: cannot identify image file 'C:\\Users\\sos\\OneDrive\\Pictures\\Imagenes_optimizar\\AE-1600H-8B\\AE-1600H_feature_2 (2).avif'
2025-03-28 18:05:51,552 - ERROR - Error al convertir C:\Users\sos\OneDrive\Pictures\Imagenes_optimizar\AE-1600H-8B\AE-1600H-8BV_front.avif: cannot identify image file 'C:\\Users\\sos\\OneDrive\\Pictures\\Imagenes_optimizar\\AE-1600H-8B\\AE-1600H-8BV_front.avif'
2025-03-28 18:05:51,553 - ERROR - Error al convertir C:\Users\sos\OneDrive\Pictures\Imagenes_optimizar\AQ-230A-4A\AQ-230A-4AMQY_wrist.avif: cannot identify image file 'C:\\Users\\sos\\OneDrive\\Pictures\\Imagenes_optimizar\\AQ-230A-4A\\AQ-230A-4AMQY_wrist.avif'
2025-03-28 18:05:51,553 - ERROR - Error al convertir C:\Users\sos\OneDrive\Pictures\Imagenes_optimizar\AQ-230A-3A\AQ-230A-3AMQYES_Lifestyle_onfigure_2000x2000.avif: cannot identify image file 'C:\\Users\\sos\\OneDrive\\Pictures\\Imagenes_optimizar\\AQ-230A-3A\\AQ-230A-3AMQYES_Lifestyle_onfigure_2000x2000.avif'
2025-03-28 18:05:51,553 - ERROR - Error al convertir C:\Users\sos\OneDrive\Pictures\Imagenes_optimizar\AQ-230A-9A\AQ-230A-9A.avif: cannot identify image file 'C:\\Users\\sos\\OneDrive\\Pictures\\Imagenes_optimizar\\AQ-230A-9A\\AQ-230A-9A.avif'
2025-03-28 18:05:51,554 - ERROR - Error al convertir C:\Users\sos\OneDrive\Pictures\Imagenes_optimizar\AQ-230A-3A\AQ-230A-3AMQYES_Lifestyle_offfigure_2000x2000.avif: cannot identify image file 'C:\\Users\\sos\\OneDrive\\Pictures\\Imagenes_optimizar\\AQ-230A-3A\\AQ-230A-3AMQYES_Lifestyle_offfigure_2000x2000.avif'
2025-03-28 18:05:51,554 - ERROR - Error al convertir C:\Users\sos\OneDrive\Pictures\Imagenes_optimizar\AQ-230A-9A\AQ-230A-9AMQYES_Lifestyle_onfigure_2000x2000.avif: cannot identify image file 'C:\\Users\\sos\\OneDrive\\Pictures\\Imagenes_optimizar\\AQ-230A-9A\\AQ-230A-9AMQYES_Lifestyle_onfigure_2000x2000.avif'
2025-03-28 18:05:51,554 - ERROR - Error al convertir C:\Users\sos\OneDrive\Pictures\Imagenes_optimizar\BGA-280BA-4ADR\BGA-280BA-4A.avif: cannot identify image file 'C:\\Users\\sos\\OneDrive\\Pictures\\Imagenes_optimizar\\BGA-280BA-4ADR\\BGA-280BA-4A.avif'
2025-03-28 18:05:51,554 - ERROR - Error al convertir C:\Users\sos\OneDrive\Pictures\Imagenes_optimizar\AQ-230A-4A\AQ-230A-4AMQY_3AMQY_9AMQY_square (1).avif: cannot identify image file 'C:\\Users\\sos\\OneDrive\\Pictures\\Imagenes_optimizar\\AQ-230A-4A\\AQ-230A-4AMQY_3AMQY_9AMQY_square (1).avif'
2025-03-28 18:05:51,555 - ERROR - Error al convertir C:\Users\sos\OneDrive\Pictures\Imagenes_optimizar\AQ-230A-9A\AQ-230A-4AMQY_3AMQY_9AMQY_square (2).avif: cannot identify image file 'C:\\Users\\sos\\OneDrive\\Pictures\\Imagenes_optimizar\\AQ-230A-9A\\AQ-230A-4AMQY_3AMQY_9AMQY_square (2).avif'
2025-03-28 18:05:51,555 - ERROR - Error al convertir C:\Users\sos\OneDrive\Pictures\Imagenes_optimizar\AQ-230A-9A\AQ-230A-9AMQYES_Lifestyle_offfigure_2000x2000.avif: cannot identify image file 'C:\\Users\\sos\\OneDrive\\Pictures\\Imagenes_optimizar\\AQ-230A-9A\\AQ-230A-9AMQYES_Lifestyle_offfigure_2000x2000.avif'
2025-03-28 18:05:51,556 - ERROR - Error al convertir C:\Users\sos\OneDrive\Pictures\Imagenes_optimizar\BGA-280BA-4ADR\BGA-280BA-4A_m02.avif: cannot identify image file 'C:\\Users\\sos\\OneDrive\\Pictures\\Imagenes_optimizar\\BGA-280BA-4ADR\\BGA-280BA-4A_m02.avif'
2025-03-28 18:05:51,556 - ERROR - Error al convertir C:\Users\sos\OneDrive\Pictures\Imagenes_optimizar\BGA-280BA-4ADR\BGA-280BA-4A_m01.avif: cannot identify image file 'C:\\Users\\sos\\OneDrive\\Pictures\\Imagenes_optimizar\\BGA-280BA-4ADR\\BGA-280BA-4A_m01.avif'
2025-03-28 18:05:51,556 - ERROR - Error al convertir C:\Users\sos\OneDrive\Pictures\Imagenes_optimizar\BGA-280BA-4ADR\BGA-280BA-4A_01.avif: cannot identify image file 'C:\\Users\\sos\\OneDrive\\Pictures\\Imagenes_optimizar\\BGA-280BA-4ADR\\BGA-280BA-4A_01.avif'
2025-03-28 18:05:51,557 - ERROR - Error al convertir C:\Users\sos\OneDrive\Pictures\Imagenes_optimizar\BGA-280BA-4ADR\BGA-280BA-4A_m03.avif: cannot identify image file 'C:\\Users\\sos\\OneDrive\\Pictures\\Imagenes_optimizar\\BGA-280BA-4ADR\\BGA-280BA-4A_m03.avif'
2025-03-28 18:05:51,557 - ERROR - Error al convertir C:\Users\sos\OneDrive\Pictures\Imagenes_optimizar\BGA-280BA-4ADR\BGA-280BA_01.avif: cannot identify image file 'C:\\Users\\sos\\OneDrive\\Pictures\\Imagenes_optimizar\\BGA-280BA-4ADR\\BGA-280BA_01.avif'
2025-03-28 18:05:51,557 - ERROR - Error al convertir C:\Users\sos\OneDrive\Pictures\Imagenes_optimizar\BGA-280BA-4ADR\BGA-280BA_m01.avif: cannot identify image file 'C:\\Users\\sos\\OneDrive\\Pictures\\Imagenes_optimizar\\BGA-280BA-4ADR\\BGA-280BA_m01.avif'
2025-03-28 18:05:51,558 - ERROR - Error al convertir C:\Users\sos\OneDrive\Pictures\Imagenes_optimizar\BGD-10L-7DR\BGD-10L-7.avif: cannot identify image file 'C:\\Users\\sos\\OneDrive\\Pictures\\Imagenes_optimizar\\BGD-10L-7DR\\BGD-10L-7.avif'
2025-03-28 18:05:51,558 - ERROR - Error al convertir C:\Users\sos\OneDrive\Pictures\Imagenes_optimizar\BGA-280BA-4ADR\BGA-280BA_m02.avif: cannot identify image file 'C:\\Users\\sos\\OneDrive\\Pictures\\Imagenes_optimizar\\BGA-280BA-4ADR\\BGA-280BA_m02.avif'
2025-03-28 18:05:51,558 - ERROR - Error al convertir C:\Users\sos\OneDrive\Pictures\Imagenes_optimizar\BGD-10L-7DR\BGD-10L-7_front.avif: cannot identify image file 'C:\\Users\\sos\\OneDrive\\Pictures\\Imagenes_optimizar\\BGD-10L-7DR\\BGD-10L-7_front.avif'
2025-03-28 18:05:51,558 - ERROR - Error al convertir C:\Users\sos\OneDrive\Pictures\Imagenes_optimizar\BGD-10L-7DR\BGD-10L-7_feature_01_3.avif: cannot identify image file 'C:\\Users\\sos\\OneDrive\\Pictures\\Imagenes_optimizar\\BGD-10L-7DR\\BGD-10L-7_feature_01_3.avif'
2025-03-28 18:05:51,559 - ERROR - Error al convertir C:\Users\sos\OneDrive\Pictures\Imagenes_optimizar\BGD-10L-7DR\BGD-10L_feature_03.avif: cannot identify image file 'C:\\Users\\sos\\OneDrive\\Pictures\\Imagenes_optimizar\\BGD-10L-7DR\\BGD-10L_feature_03.avif'
2025-03-28 18:05:51,559 - ERROR - Error al convertir C:\Users\sos\OneDrive\Pictures\Imagenes_optimizar\BGD-10L-7DR\BGD-10L-7_N.avif: cannot identify image file 'C:\\Users\\sos\\OneDrive\\Pictures\\Imagenes_optimizar\\BGD-10L-7DR\\BGD-10L-7_N.avif'
2025-03-28 18:05:51,559 - ERROR - Error al convertir C:\Users\sos\OneDrive\Pictures\Imagenes_optimizar\BGD-10L-7DR\BGD-10L-7_yuukan.avif: cannot identify image file 'C:\\Users\\sos\\OneDrive\\Pictures\\Imagenes_optimizar\\BGD-10L-7DR\\BGD-10L-7_yuukan.avif'
2025-03-28 18:05:51,560 - ERROR - Error al convertir C:\Users\sos\OneDrive\Pictures\Imagenes_optimizar\BGD-10L-7DR\BGD-10L-7_yuukan_only.avif: cannot identify image file 'C:\\Users\\sos\\OneDrive\\Pictures\\Imagenes_optimizar\\BGD-10L-7DR\\BGD-10L-7_yuukan_only.avif'
2025-03-28 18:05:51,560 - ERROR - Error al convertir C:\Users\sos\OneDrive\Pictures\Imagenes_optimizar\BGD-10L-7DR\BGD-10L_feature_02.avif: cannot identify image file 'C:\\Users\\sos\\OneDrive\\Pictures\\Imagenes_optimizar\\BGD-10L-7DR\\BGD-10L_feature_02.avif'
2025-03-28 18:05:51,560 - ERROR - Error al convertir C:\Users\sos\OneDrive\Pictures\Imagenes_optimizar\BGD-10L-7DR\BGD-10L_kv.avif: cannot identify image file 'C:\\Users\\sos\\OneDrive\\Pictures\\Imagenes_optimizar\\BGD-10L-7DR\\BGD-10L_kv.avif'
2025-03-28 18:05:51,563 - ERROR - Error al convertir C:\Users\sos\OneDrive\Pictures\Imagenes_optimizar\BGD-565TW-5DR\BGD-565TW-5.avif: cannot identify image file 'C:\\Users\\sos\\OneDrive\\Pictures\\Imagenes_optimizar\\BGD-565TW-5DR\\BGD-565TW-5.avif'
2025-03-28 18:05:51,563 - ERROR - Error al convertir C:\Users\sos\OneDrive\Pictures\Imagenes_optimizar\BGD-565TW-5DR\babyg-tweety_kv_e.avif: cannot identify image file 'C:\\Users\\sos\\OneDrive\\Pictures\\Imagenes_optimizar\\BGD-565TW-5DR\\babyg-tweety_kv_e.avif'
2025-03-28 18:05:51,565 - ERROR - Error al convertir C:\Users\sos\OneDrive\Pictures\Imagenes_optimizar\BGD-565TW-5DR\BGD-565TW-5_02.avif: cannot identify image file 'C:\\Users\\sos\\OneDrive\\Pictures\\Imagenes_optimizar\\BGD-565TW-5DR\\BGD-565TW-5_02.avif'
2025-03-28 18:05:51,566 - ERROR - Error al convertir C:\Users\sos\OneDrive\Pictures\Imagenes_optimizar\BGD-565TW-5DR\BGD-565TW-5_01.avif: cannot identify image file 'C:\\Users\\sos\\OneDrive\\Pictures\\Imagenes_optimizar\\BGD-565TW-5DR\\BGD-565TW-5_01.avif'
2025-03-28 18:05:51,566 - ERROR - Error al convertir C:\Users\sos\OneDrive\Pictures\Imagenes_optimizar\BGD-565TW-5DR\BGD-565TW-5_06.avif: cannot identify image file 'C:\\Users\\sos\\OneDrive\\Pictures\\Imagenes_optimizar\\BGD-565TW-5DR\\BGD-565TW-5_06.avif'
2025-03-28 18:05:51,566 - ERROR - Error al convertir C:\Users\sos\OneDrive\Pictures\Imagenes_optimizar\BGD-565TW-5DR\BGD-565TW-5_07.avif: cannot identify image file 'C:\\Users\\sos\\OneDrive\\Pictures\\Imagenes_optimizar\\BGD-565TW-5DR\\BGD-565TW-5_07.avif'
2025-03-28 18:05:51,567 - ERROR - Error al convertir C:\Users\sos\OneDrive\Pictures\Imagenes_optimizar\SSA347J1\18440078_3.avif: cannot identify image file 'C:\\Users\\sos\\OneDrive\\Pictures\\Imagenes_optimizar\\SSA347J1\\18440078_3.avif'
2025-03-28 18:05:51,567 - ERROR - Error al convertir C:\Users\sos\OneDrive\Pictures\Imagenes_optimizar\SSA347J1\18440078_2.avif: cannot identify image file 'C:\\Users\\sos\\OneDrive\\Pictures\\Imagenes_optimizar\\SSA347J1\\18440078_2.avif'
2025-03-28 18:05:51,567 - ERROR - Error al convertir C:\Users\sos\OneDrive\Pictures\Imagenes_optimizar\BGD-565TW-5DR\BGD-565TW-5_05.avif: cannot identify image file 'C:\\Users\\sos\\OneDrive\\Pictures\\Imagenes_optimizar\\BGD-565TW-5DR\\BGD-565TW-5_05.avif'
2025-03-28 18:05:51,568 - ERROR - Error al convertir C:\Users\sos\OneDrive\Pictures\Imagenes_optimizar\BGD-565TW-5DR\BGD-565TW-5_09.avif: cannot identify image file 'C:\\Users\\sos\\OneDrive\\Pictures\\Imagenes_optimizar\\BGD-565TW-5DR\\BGD-565TW-5_09.avif'
2025-03-28 18:05:51,568 - ERROR - Error al convertir C:\Users\sos\OneDrive\Pictures\Imagenes_optimizar\SSA347J1\18440078_1.avif: cannot identify image file 'C:\\Users\\sos\\OneDrive\\Pictures\\Imagenes_optimizar\\SSA347J1\\18440078_1.avif'
2025-03-28 18:05:51,569 - ERROR - Error al convertir C:\Users\sos\OneDrive\Pictures\Imagenes_optimizar\BGD-565TW-5DR\BGD-565TW-5_04.avif: cannot identify image file 'C:\\Users\\sos\\OneDrive\\Pictures\\Imagenes_optimizar\\BGD-565TW-5DR\\BGD-565TW-5_04.avif'
2025-03-28 18:05:51,569 - ERROR - Error al convertir C:\Users\sos\OneDrive\Pictures\Imagenes_optimizar\BGD-565TW-5DR\BGD-565TW-5_03.avif: cannot identify image file 'C:\\Users\\sos\\OneDrive\\Pictures\\Imagenes_optimizar\\BGD-565TW-5DR\\BGD-565TW-5_03.avif'
2025-03-28 18:05:51,569 - ERROR - Error al convertir C:\Users\sos\OneDrive\Pictures\Imagenes_optimizar\SSA347J1\18440078_4.avif: cannot identify image file 'C:\\Users\\sos\\OneDrive\\Pictures\\Imagenes_optimizar\\SSA347J1\\18440078_4.avif'
2025-03-28 18:05:51,649 - INFO - Conversión completada. Éxitos: 0, Fallos: 66
2025-03-28 18:08:32,109 - INFO - Procesando directorio: C:\Users\sos\OneDrive\Pictures\Imagenes_optimizar
2025-03-28 18:08:32,141 - INFO - Encontrados 66 archivos AVIF para convertir
2025-03-28 18:08:32,489 - ERROR - Error al convertir C:\Users\sos\OneDrive\Pictures\Imagenes_optimizar\ABL-100WEPC-1B\ABL-100WEPC-1B.avif: cannot identify image file 'C:\\Users\\sos\\OneDrive\\Pictures\\Imagenes_optimizar\\ABL-100WEPC-1B\\ABL-100WEPC-1B.avif'
2025-03-28 18:08:32,490 - ERROR - Error al convertir C:\Users\sos\OneDrive\Pictures\Imagenes_optimizar\ABL-100WEPC-1B\ABL-100WEPC-1B_05.avif: cannot identify image file 'C:\\Users\\sos\\OneDrive\\Pictures\\Imagenes_optimizar\\ABL-100WEPC-1B\\ABL-100WEPC-1B_05.avif'
2025-03-28 18:08:32,491 - ERROR - Error al convertir C:\Users\sos\OneDrive\Pictures\Imagenes_optimizar\ABL-100WEPC-1B\ABL-100WEPC-1B_CA-53WPC-1B_JP.avif: cannot identify image file 'C:\\Users\\sos\\OneDrive\\Pictures\\Imagenes_optimizar\\ABL-100WEPC-1B\\ABL-100WEPC-1B_CA-53WPC-1B_JP.avif'
2025-03-28 18:08:32,492 - ERROR - Error al convertir C:\Users\sos\OneDrive\Pictures\Imagenes_optimizar\ABL-100WEPC-1B\ABL-100WEPC-1B_feature_03-02.avif: cannot identify image file 'C:\\Users\\sos\\OneDrive\\Pictures\\Imagenes_optimizar\\ABL-100WEPC-1B\\ABL-100WEPC-1B_feature_03-02.avif'
2025-03-28 18:08:32,493 - ERROR - Error al convertir C:\Users\sos\OneDrive\Pictures\Imagenes_optimizar\ABL-100WEPC-1B\ABL-100WEPC-1B_feature_05.avif: cannot identify image file 'C:\\Users\\sos\\OneDrive\\Pictures\\Imagenes_optimizar\\ABL-100WEPC-1B\\ABL-100WEPC-1B_feature_05.avif'
2025-03-28 18:08:32,494 - ERROR - Error al convertir C:\Users\sos\OneDrive\Pictures\Imagenes_optimizar\ABL-100WEPC-1B\ABL-100WEPC-1B_front.avif: cannot identify image file 'C:\\Users\\sos\\OneDrive\\Pictures\\Imagenes_optimizar\\ABL-100WEPC-1B\\ABL-100WEPC-1B_front.avif'
2025-03-28 18:08:32,495 - ERROR - Error al convertir C:\Users\sos\OneDrive\Pictures\Imagenes_optimizar\ABL-100WEPC-1B\ABL-100WEPC-1B_LED.avif: cannot identify image file 'C:\\Users\\sos\\OneDrive\\Pictures\\Imagenes_optimizar\\ABL-100WEPC-1B\\ABL-100WEPC-1B_LED.avif'
2025-03-28 18:08:32,497 - ERROR - Error al convertir C:\Users\sos\OneDrive\Pictures\Imagenes_optimizar\ABL-100WEPC-1B\ABL-100WEPC-1B_N.avif: cannot identify image file 'C:\\Users\\sos\\OneDrive\\Pictures\\Imagenes_optimizar\\ABL-100WEPC-1B\\ABL-100WEPC-1B_N.avif'
2025-03-28 18:08:32,498 - ERROR - Error al convertir C:\Users\sos\OneDrive\Pictures\Imagenes_optimizar\AE-1200WHL-5A\AE-1200WHL-5AV_square.avif: cannot identify image file 'C:\\Users\\sos\\OneDrive\\Pictures\\Imagenes_optimizar\\AE-1200WHL-5A\\AE-1200WHL-5AV_square.avif'
2025-03-28 18:08:32,500 - ERROR - Error al convertir C:\Users\sos\OneDrive\Pictures\Imagenes_optimizar\AE-1200WHL-5A\image.avif: cannot identify image file 'C:\\Users\\sos\\OneDrive\\Pictures\\Imagenes_optimizar\\AE-1200WHL-5A\\image.avif'
2025-03-28 18:08:32,501 - ERROR - Error al convertir C:\Users\sos\OneDrive\Pictures\Imagenes_optimizar\AE-1600H-1A\AE-1600H-1AV.avif: cannot identify image file 'C:\\Users\\sos\\OneDrive\\Pictures\\Imagenes_optimizar\\AE-1600H-1A\\AE-1600H-1AV.avif'
2025-03-28 18:08:32,502 - ERROR - Error al convertir C:\Users\sos\OneDrive\Pictures\Imagenes_optimizar\AE-1600H-1A\AE-1600H_feature_1.avif: cannot identify image file 'C:\\Users\\sos\\OneDrive\\Pictures\\Imagenes_optimizar\\AE-1600H-1A\\AE-1600H_feature_1.avif'
2025-03-28 18:08:32,504 - ERROR - Error al convertir C:\Users\sos\OneDrive\Pictures\Imagenes_optimizar\AE-1600H-1A\AE-1600H_feature_2.avif: cannot identify image file 'C:\\Users\\sos\\OneDrive\\Pictures\\Imagenes_optimizar\\AE-1600H-1A\\AE-1600H_feature_2.avif'
2025-03-28 18:08:32,506 - ERROR - Error al convertir C:\Users\sos\OneDrive\Pictures\Imagenes_optimizar\AE-1600H-1A\AE-1600H_feature_3.avif: cannot identify image file 'C:\\Users\\sos\\OneDrive\\Pictures\\Imagenes_optimizar\\AE-1600H-1A\\AE-1600H_feature_3.avif'
2025-03-28 18:08:32,508 - ERROR - Error al convertir C:\Users\sos\OneDrive\Pictures\Imagenes_optimizar\AE-1600H-5A\AE-1600H-5AV.avif: cannot identify image file 'C:\\Users\\sos\\OneDrive\\Pictures\\Imagenes_optimizar\\AE-1600H-5A\\AE-1600H-5AV.avif'
2025-03-28 18:08:32,509 - ERROR - Error al convertir C:\Users\sos\OneDrive\Pictures\Imagenes_optimizar\AE-1600H-5A\AE-1600H-5AV_front.avif: cannot identify image file 'C:\\Users\\sos\\OneDrive\\Pictures\\Imagenes_optimizar\\AE-1600H-5A\\AE-1600H-5AV_front.avif'
2025-03-28 18:08:32,510 - ERROR - Error al convertir C:\Users\sos\OneDrive\Pictures\Imagenes_optimizar\AE-1600H-5A\AE-1600H_feature_2 (1).avif: cannot identify image file 'C:\\Users\\sos\\OneDrive\\Pictures\\Imagenes_optimizar\\AE-1600H-5A\\AE-1600H_feature_2 (1).avif'
2025-03-28 18:08:32,512 - ERROR - Error al convertir C:\Users\sos\OneDrive\Pictures\Imagenes_optimizar\AE-1600H-8B\AE-1600H-8BV.avif: cannot identify image file 'C:\\Users\\sos\\OneDrive\\Pictures\\Imagenes_optimizar\\AE-1600H-8B\\AE-1600H-8BV.avif'
2025-03-28 18:08:32,513 - ERROR - Error al convertir C:\Users\sos\OneDrive\Pictures\Imagenes_optimizar\AE-1600H-8B\AE-1600H-8BV_front.avif: cannot identify image file 'C:\\Users\\sos\\OneDrive\\Pictures\\Imagenes_optimizar\\AE-1600H-8B\\AE-1600H-8BV_front.avif'
2025-03-28 18:08:32,515 - ERROR - Error al convertir C:\Users\sos\OneDrive\Pictures\Imagenes_optimizar\AE-1600H-8B\AE-1600H_feature_2 (2).avif: cannot identify image file 'C:\\Users\\sos\\OneDrive\\Pictures\\Imagenes_optimizar\\AE-1600H-8B\\AE-1600H_feature_2 (2).avif'
2025-03-28 18:08:32,516 - ERROR - Error al convertir C:\Users\sos\OneDrive\Pictures\Imagenes_optimizar\AQ-230A-3A\AQ-230A-3AMQY.avif: cannot identify image file 'C:\\Users\\sos\\OneDrive\\Pictures\\Imagenes_optimizar\\AQ-230A-3A\\AQ-230A-3AMQY.avif'
2025-03-28 18:08:32,517 - ERROR - Error al convertir C:\Users\sos\OneDrive\Pictures\Imagenes_optimizar\AQ-230A-3A\AQ-230A-3AMQYES_Lifestyle_offfigure_2000x2000.avif: cannot identify image file 'C:\\Users\\sos\\OneDrive\\Pictures\\Imagenes_optimizar\\AQ-230A-3A\\AQ-230A-3AMQYES_Lifestyle_offfigure_2000x2000.avif'
2025-03-28 18:08:32,519 - ERROR - Error al convertir C:\Users\sos\OneDrive\Pictures\Imagenes_optimizar\AQ-230A-3A\AQ-230A-3AMQYES_Lifestyle_onfigure_2000x2000.avif: cannot identify image file 'C:\\Users\\sos\\OneDrive\\Pictures\\Imagenes_optimizar\\AQ-230A-3A\\AQ-230A-3AMQYES_Lifestyle_onfigure_2000x2000.avif'
2025-03-28 18:08:32,520 - ERROR - Error al convertir C:\Users\sos\OneDrive\Pictures\Imagenes_optimizar\AQ-230A-3A\AQ-230A-3AMQY_wrist.avif: cannot identify image file 'C:\\Users\\sos\\OneDrive\\Pictures\\Imagenes_optimizar\\AQ-230A-3A\\AQ-230A-3AMQY_wrist.avif'
2025-03-28 18:08:32,521 - ERROR - Error al convertir C:\Users\sos\OneDrive\Pictures\Imagenes_optimizar\AQ-230A-4A\AQ-230A-4AMQY.avif: cannot identify image file 'C:\\Users\\sos\\OneDrive\\Pictures\\Imagenes_optimizar\\AQ-230A-4A\\AQ-230A-4AMQY.avif'
2025-03-28 18:08:32,522 - ERROR - Error al convertir C:\Users\sos\OneDrive\Pictures\Imagenes_optimizar\AQ-230A-4A\AQ-230A-4AMQY_3AMQY_9AMQY_square (1).avif: cannot identify image file 'C:\\Users\\sos\\OneDrive\\Pictures\\Imagenes_optimizar\\AQ-230A-4A\\AQ-230A-4AMQY_3AMQY_9AMQY_square (1).avif'
2025-03-28 18:08:32,523 - ERROR - Error al convertir C:\Users\sos\OneDrive\Pictures\Imagenes_optimizar\AQ-230A-4A\AQ-230A-4AMQY_wrist.avif: cannot identify image file 'C:\\Users\\sos\\OneDrive\\Pictures\\Imagenes_optimizar\\AQ-230A-4A\\AQ-230A-4AMQY_wrist.avif'
2025-03-28 18:08:32,524 - ERROR - Error al convertir C:\Users\sos\OneDrive\Pictures\Imagenes_optimizar\AQ-230A-9A\AQ-230A-4AMQY_3AMQY_9AMQY_square (2).avif: cannot identify image file 'C:\\Users\\sos\\OneDrive\\Pictures\\Imagenes_optimizar\\AQ-230A-9A\\AQ-230A-4AMQY_3AMQY_9AMQY_square (2).avif'
2025-03-28 18:08:32,525 - ERROR - Error al convertir C:\Users\sos\OneDrive\Pictures\Imagenes_optimizar\AQ-230A-9A\AQ-230A-9A.avif: cannot identify image file 'C:\\Users\\sos\\OneDrive\\Pictures\\Imagenes_optimizar\\AQ-230A-9A\\AQ-230A-9A.avif'
2025-03-28 18:08:32,526 - ERROR - Error al convertir C:\Users\sos\OneDrive\Pictures\Imagenes_optimizar\AQ-230A-9A\AQ-230A-9AMQYES_Lifestyle_offfigure_2000x2000.avif: cannot identify image file 'C:\\Users\\sos\\OneDrive\\Pictures\\Imagenes_optimizar\\AQ-230A-9A\\AQ-230A-9AMQYES_Lifestyle_offfigure_2000x2000.avif'
2025-03-28 18:08:32,527 - ERROR - Error al convertir C:\Users\sos\OneDrive\Pictures\Imagenes_optimizar\AQ-230A-9A\AQ-230A-9AMQYES_Lifestyle_onfigure_2000x2000.avif: cannot identify image file 'C:\\Users\\sos\\OneDrive\\Pictures\\Imagenes_optimizar\\AQ-230A-9A\\AQ-230A-9AMQYES_Lifestyle_onfigure_2000x2000.avif'
2025-03-28 18:08:32,528 - ERROR - Error al convertir C:\Users\sos\OneDrive\Pictures\Imagenes_optimizar\BGA-280BA-4ADR\BGA-280BA-4A.avif: cannot identify image file 'C:\\Users\\sos\\OneDrive\\Pictures\\Imagenes_optimizar\\BGA-280BA-4ADR\\BGA-280BA-4A.avif'
2025-03-28 18:08:32,529 - ERROR - Error al convertir C:\Users\sos\OneDrive\Pictures\Imagenes_optimizar\BGA-280BA-4ADR\BGA-280BA-4A_01.avif: cannot identify image file 'C:\\Users\\sos\\OneDrive\\Pictures\\Imagenes_optimizar\\BGA-280BA-4ADR\\BGA-280BA-4A_01.avif'
2025-03-28 18:08:32,530 - ERROR - Error al convertir C:\Users\sos\OneDrive\Pictures\Imagenes_optimizar\BGA-280BA-4ADR\BGA-280BA-4A_m01.avif: cannot identify image file 'C:\\Users\\sos\\OneDrive\\Pictures\\Imagenes_optimizar\\BGA-280BA-4ADR\\BGA-280BA-4A_m01.avif'
2025-03-28 18:08:32,531 - ERROR - Error al convertir C:\Users\sos\OneDrive\Pictures\Imagenes_optimizar\BGA-280BA-4ADR\BGA-280BA-4A_m02.avif: cannot identify image file 'C:\\Users\\sos\\OneDrive\\Pictures\\Imagenes_optimizar\\BGA-280BA-4ADR\\BGA-280BA-4A_m02.avif'
2025-03-28 18:08:32,532 - ERROR - Error al convertir C:\Users\sos\OneDrive\Pictures\Imagenes_optimizar\BGA-280BA-4ADR\BGA-280BA-4A_m03.avif: cannot identify image file 'C:\\Users\\sos\\OneDrive\\Pictures\\Imagenes_optimizar\\BGA-280BA-4ADR\\BGA-280BA-4A_m03.avif'
2025-03-28 18:08:32,533 - ERROR - Error al convertir C:\Users\sos\OneDrive\Pictures\Imagenes_optimizar\BGA-280BA-4ADR\BGA-280BA_01.avif: cannot identify image file 'C:\\Users\\sos\\OneDrive\\Pictures\\Imagenes_optimizar\\BGA-280BA-4ADR\\BGA-280BA_01.avif'
2025-03-28 18:08:32,535 - ERROR - Error al convertir C:\Users\sos\OneDrive\Pictures\Imagenes_optimizar\BGA-280BA-4ADR\BGA-280BA_m01.avif: cannot identify image file 'C:\\Users\\sos\\OneDrive\\Pictures\\Imagenes_optimizar\\BGA-280BA-4ADR\\BGA-280BA_m01.avif'
2025-03-28 18:08:32,536 - ERROR - Error al convertir C:\Users\sos\OneDrive\Pictures\Imagenes_optimizar\BGA-280BA-4ADR\BGA-280BA_m02.avif: cannot identify image file 'C:\\Users\\sos\\OneDrive\\Pictures\\Imagenes_optimizar\\BGA-280BA-4ADR\\BGA-280BA_m02.avif'
2025-03-28 18:08:32,538 - ERROR - Error al convertir C:\Users\sos\OneDrive\Pictures\Imagenes_optimizar\BGD-10L-7DR\BGD-10L-7.avif: cannot identify image file 'C:\\Users\\sos\\OneDrive\\Pictures\\Imagenes_optimizar\\BGD-10L-7DR\\BGD-10L-7.avif'
2025-03-28 18:08:32,540 - ERROR - Error al convertir C:\Users\sos\OneDrive\Pictures\Imagenes_optimizar\BGD-10L-7DR\BGD-10L-7_feature_01_3.avif: cannot identify image file 'C:\\Users\\sos\\OneDrive\\Pictures\\Imagenes_optimizar\\BGD-10L-7DR\\BGD-10L-7_feature_01_3.avif'
2025-03-28 18:08:32,541 - ERROR - Error al convertir C:\Users\sos\OneDrive\Pictures\Imagenes_optimizar\BGD-10L-7DR\BGD-10L-7_front.avif: cannot identify image file 'C:\\Users\\sos\\OneDrive\\Pictures\\Imagenes_optimizar\\BGD-10L-7DR\\BGD-10L-7_front.avif'
2025-03-28 18:08:32,542 - ERROR - Error al convertir C:\Users\sos\OneDrive\Pictures\Imagenes_optimizar\BGD-10L-7DR\BGD-10L-7_N.avif: cannot identify image file 'C:\\Users\\sos\\OneDrive\\Pictures\\Imagenes_optimizar\\BGD-10L-7DR\\BGD-10L-7_N.avif'
2025-03-28 18:08:32,543 - ERROR - Error al convertir C:\Users\sos\OneDrive\Pictures\Imagenes_optimizar\BGD-10L-7DR\BGD-10L-7_yuukan_only.avif: cannot identify image file 'C:\\Users\\sos\\OneDrive\\Pictures\\Imagenes_optimizar\\BGD-10L-7DR\\BGD-10L-7_yuukan_only.avif'
2025-03-28 18:08:32,544 - ERROR - Error al convertir C:\Users\sos\OneDrive\Pictures\Imagenes_optimizar\BGD-10L-7DR\BGD-10L_feature_02.avif: cannot identify image file 'C:\\Users\\sos\\OneDrive\\Pictures\\Imagenes_optimizar\\BGD-10L-7DR\\BGD-10L_feature_02.avif'
2025-03-28 18:08:32,546 - ERROR - Error al convertir C:\Users\sos\OneDrive\Pictures\Imagenes_optimizar\BGD-10L-7DR\BGD-10L_feature_03.avif: cannot identify image file 'C:\\Users\\sos\\OneDrive\\Pictures\\Imagenes_optimizar\\BGD-10L-7DR\\BGD-10L_feature_03.avif'
2025-03-28 18:08:32,547 - ERROR - Error al convertir C:\Users\sos\OneDrive\Pictures\Imagenes_optimizar\BGD-10L-7DR\BGD-10L_kv.avif: cannot identify image file 'C:\\Users\\sos\\OneDrive\\Pictures\\Imagenes_optimizar\\BGD-10L-7DR\\BGD-10L_kv.avif'
2025-03-28 18:08:32,548 - ERROR - Error al convertir C:\Users\sos\OneDrive\Pictures\Imagenes_optimizar\BGD-565TW-5DR\babyg-tweety_kv_e.avif: cannot identify image file 'C:\\Users\\sos\\OneDrive\\Pictures\\Imagenes_optimizar\\BGD-565TW-5DR\\babyg-tweety_kv_e.avif'
2025-03-28 18:08:32,550 - ERROR - Error al convertir C:\Users\sos\OneDrive\Pictures\Imagenes_optimizar\BGD-565TW-5DR\BGD-565TW-5.avif: cannot identify image file 'C:\\Users\\sos\\OneDrive\\Pictures\\Imagenes_optimizar\\BGD-565TW-5DR\\BGD-565TW-5.avif'
2025-03-28 18:08:32,551 - ERROR - Error al convertir C:\Users\sos\OneDrive\Pictures\Imagenes_optimizar\BGD-565TW-5DR\BGD-565TW-5_01.avif: cannot identify image file 'C:\\Users\\sos\\OneDrive\\Pictures\\Imagenes_optimizar\\BGD-565TW-5DR\\BGD-565TW-5_01.avif'
2025-03-28 18:08:32,552 - ERROR - Error al convertir C:\Users\sos\OneDrive\Pictures\Imagenes_optimizar\BGD-565TW-5DR\BGD-565TW-5_02.avif: cannot identify image file 'C:\\Users\\sos\\OneDrive\\Pictures\\Imagenes_optimizar\\BGD-565TW-5DR\\BGD-565TW-5_02.avif'
2025-03-28 18:08:32,554 - ERROR - Error al convertir C:\Users\sos\OneDrive\Pictures\Imagenes_optimizar\BGD-565TW-5DR\BGD-565TW-5_03.avif: cannot identify image file 'C:\\Users\\sos\\OneDrive\\Pictures\\Imagenes_optimizar\\BGD-565TW-5DR\\BGD-565TW-5_03.avif'
2025-03-28 18:08:32,555 - ERROR - Error al convertir C:\Users\sos\OneDrive\Pictures\Imagenes_optimizar\BGD-565TW-5DR\BGD-565TW-5_04.avif: cannot identify image file 'C:\\Users\\sos\\OneDrive\\Pictures\\Imagenes_optimizar\\BGD-565TW-5DR\\BGD-565TW-5_04.avif'
2025-03-28 18:08:32,556 - ERROR - Error al convertir C:\Users\sos\OneDrive\Pictures\Imagenes_optimizar\BGD-565TW-5DR\BGD-565TW-5_05.avif: cannot identify image file 'C:\\Users\\sos\\OneDrive\\Pictures\\Imagenes_optimizar\\BGD-565TW-5DR\\BGD-565TW-5_05.avif'
2025-03-28 18:08:32,557 - ERROR - Error al convertir C:\Users\sos\OneDrive\Pictures\Imagenes_optimizar\BGD-565TW-5DR\BGD-565TW-5_06.avif: cannot identify image file 'C:\\Users\\sos\\OneDrive\\Pictures\\Imagenes_optimizar\\BGD-565TW-5DR\\BGD-565TW-5_06.avif'
2025-03-28 18:08:32,558 - ERROR - Error al convertir C:\Users\sos\OneDrive\Pictures\Imagenes_optimizar\ABL-100WEPC-1B\ABL-100WEPC-1B_03.avif: cannot identify image file 'C:\\Users\\sos\\OneDrive\\Pictures\\Imagenes_optimizar\\ABL-100WEPC-1B\\ABL-100WEPC-1B_03.avif'
2025-03-28 18:08:32,559 - ERROR - Error al convertir C:\Users\sos\OneDrive\Pictures\Imagenes_optimizar\BGD-565TW-5DR\BGD-565TW-5_07.avif: cannot identify image file 'C:\\Users\\sos\\OneDrive\\Pictures\\Imagenes_optimizar\\BGD-565TW-5DR\\BGD-565TW-5_07.avif'
2025-03-28 18:08:32,559 - ERROR - Error al convertir C:\Users\sos\OneDrive\Pictures\Imagenes_optimizar\BGD-565TW-5DR\BGD-565TW-5_09.avif: cannot identify image file 'C:\\Users\\sos\\OneDrive\\Pictures\\Imagenes_optimizar\\BGD-565TW-5DR\\BGD-565TW-5_09.avif'
2025-03-28 18:08:32,560 - ERROR - Error al convertir C:\Users\sos\OneDrive\Pictures\Imagenes_optimizar\SSA347J1\18440078_1.avif: cannot identify image file 'C:\\Users\\sos\\OneDrive\\Pictures\\Imagenes_optimizar\\SSA347J1\\18440078_1.avif'
2025-03-28 18:08:32,560 - ERROR - Error al convertir C:\Users\sos\OneDrive\Pictures\Imagenes_optimizar\SSA347J1\18440078_2.avif: cannot identify image file 'C:\\Users\\sos\\OneDrive\\Pictures\\Imagenes_optimizar\\SSA347J1\\18440078_2.avif'
2025-03-28 18:08:32,561 - ERROR - Error al convertir C:\Users\sos\OneDrive\Pictures\Imagenes_optimizar\SSA347J1\18440078_3.avif: cannot identify image file 'C:\\Users\\sos\\OneDrive\\Pictures\\Imagenes_optimizar\\SSA347J1\\18440078_3.avif'
2025-03-28 18:08:32,561 - ERROR - Error al convertir C:\Users\sos\OneDrive\Pictures\Imagenes_optimizar\SSA347J1\18440078_4.avif: cannot identify image file 'C:\\Users\\sos\\OneDrive\\Pictures\\Imagenes_optimizar\\SSA347J1\\18440078_4.avif'
2025-03-28 18:08:32,562 - ERROR - Error al convertir C:\Users\sos\OneDrive\Pictures\Imagenes_optimizar\SSA347J1\18440078_5.avif: cannot identify image file 'C:\\Users\\sos\\OneDrive\\Pictures\\Imagenes_optimizar\\SSA347J1\\18440078_5.avif'
2025-03-28 18:08:32,592 - ERROR - Error al convertir C:\Users\sos\OneDrive\Pictures\Imagenes_optimizar\ABL-100WEPC-1B\ABL-100WEPC-1B_04.avif: cannot identify image file 'C:\\Users\\sos\\OneDrive\\Pictures\\Imagenes_optimizar\\ABL-100WEPC-1B\\ABL-100WEPC-1B_04.avif'
2025-03-28 18:08:32,659 - ERROR - Error al convertir C:\Users\sos\OneDrive\Pictures\Imagenes_optimizar\ABL-100WEPC-1B\ABL-100WEPC-1B_urabuta.avif: cannot identify image file 'C:\\Users\\sos\\OneDrive\\Pictures\\Imagenes_optimizar\\ABL-100WEPC-1B\\ABL-100WEPC-1B_urabuta.avif'
2025-03-28 18:08:32,681 - ERROR - Error al convertir C:\Users\sos\OneDrive\Pictures\Imagenes_optimizar\BGD-10L-7DR\BGD-10L-7_yuukan.avif: cannot identify image file 'C:\\Users\\sos\\OneDrive\\Pictures\\Imagenes_optimizar\\BGD-10L-7DR\\BGD-10L-7_yuukan.avif'
2025-03-28 18:08:32,808 - INFO - Conversión completada. Éxitos: 0, Fallos: 66
